# Logfile created on 2014-12-21 23:42:16 +0900 by logger.rb/31641
I, [2014-12-21T23:42:16.700357 #24325]  INFO -- : 0:  i18n (0.6.11) from /usr/local/rbenv/versions/1.9.3-p448/lib/ruby/gems/1.9.1/specifications/i18n-0.6.11.gemspec
I, [2014-12-21T23:42:16.726690 #24325]  INFO -- : 0:  json (1.8.1) from /usr/local/rbenv/versions/1.9.3-p448/lib/ruby/gems/1.9.1/specifications/json-1.8.1.gemspec
I, [2014-12-21T23:42:16.727423 #24325]  INFO -- : 0:  minitest (5.4.1) from /usr/local/rbenv/versions/1.9.3-p448/lib/ruby/gems/1.9.1/specifications/minitest-5.4.1.gemspec
I, [2014-12-21T23:42:16.728086 #24325]  INFO -- : 0:  thread_safe (0.3.4) from /usr/local/rbenv/versions/1.9.3-p448/lib/ruby/gems/1.9.1/specifications/thread_safe-0.3.4.gemspec
I, [2014-12-21T23:42:16.728717 #24325]  INFO -- : 0:  tzinfo (1.2.2) from /usr/local/rbenv/versions/1.9.3-p448/lib/ruby/gems/1.9.1/specifications/tzinfo-1.2.2.gemspec
I, [2014-12-21T23:42:16.729391 #24325]  INFO -- : 0:  activesupport (4.1.5) from /usr/local/rbenv/versions/1.9.3-p448/lib/ruby/gems/1.9.1/specifications/activesupport-4.1.5.gemspec
I, [2014-12-21T23:42:16.730283 #24325]  INFO -- : 0:  timers (1.1.0) from /usr/local/rbenv/versions/1.9.3-p448/lib/ruby/gems/1.9.1/specifications/timers-1.1.0.gemspec
I, [2014-12-21T23:42:16.730818 #24325]  INFO -- : 0:  celluloid (0.15.2) from /usr/local/rbenv/versions/1.9.3-p448/lib/ruby/gems/1.9.1/specifications/celluloid-0.15.2.gemspec
I, [2014-12-21T23:42:16.731396 #24325]  INFO -- : 0:  chunky_png (1.3.1) from /usr/local/rbenv/versions/1.9.3-p448/lib/ruby/gems/1.9.1/specifications/chunky_png-1.3.1.gemspec
I, [2014-12-21T23:42:16.732001 #24325]  INFO -- : 0:  coffee-script-source (1.8.0) from /usr/local/rbenv/versions/1.9.3-p448/lib/ruby/gems/1.9.1/specifications/coffee-script-source-1.8.0.gemspec
I, [2014-12-21T23:42:16.732525 #24325]  INFO -- : 0:  execjs (2.2.1) from /usr/local/rbenv/versions/1.9.3-p448/lib/ruby/gems/1.9.1/specifications/execjs-2.2.1.gemspec
I, [2014-12-21T23:42:16.733105 #24325]  INFO -- : 0:  coffee-script (2.3.0) from /usr/local/rbenv/versions/1.9.3-p448/lib/ruby/gems/1.9.1/specifications/coffee-script-2.3.0.gemspec
I, [2014-12-21T23:42:16.733657 #24325]  INFO -- : 0:  multi_json (1.10.1) from /usr/local/rbenv/versions/1.9.3-p448/lib/ruby/gems/1.9.1/specifications/multi_json-1.10.1.gemspec
I, [2014-12-21T23:42:16.740904 #24325]  INFO -- : 0:  sass (3.4.2) from /usr/local/rbenv/versions/1.9.3-p448/lib/ruby/gems/1.9.1/specifications/sass-3.4.2.gemspec
I, [2014-12-21T23:42:16.741557 #24325]  INFO -- : 0:  compass-core (1.0.1) from /usr/local/rbenv/versions/1.9.3-p448/lib/ruby/gems/1.9.1/specifications/compass-core-1.0.1.gemspec
I, [2014-12-21T23:42:16.742093 #24325]  INFO -- : 0:  compass-import-once (1.0.5) from /usr/local/rbenv/versions/1.9.3-p448/lib/ruby/gems/1.9.1/specifications/compass-import-once-1.0.5.gemspec
I, [2014-12-21T23:42:16.742583 #24325]  INFO -- : 0:  rb-fsevent (0.9.4) from /usr/local/rbenv/versions/1.9.3-p448/lib/ruby/gems/1.9.1/specifications/rb-fsevent-0.9.4.gemspec
I, [2014-12-21T23:42:16.743104 #24325]  INFO -- : 0:  ffi (1.9.3) from /usr/local/rbenv/versions/1.9.3-p448/lib/ruby/gems/1.9.1/specifications/ffi-1.9.3.gemspec
I, [2014-12-21T23:42:16.743590 #24325]  INFO -- : 0:  rb-inotify (0.9.5) from /usr/local/rbenv/versions/1.9.3-p448/lib/ruby/gems/1.9.1/specifications/rb-inotify-0.9.5.gemspec
I, [2014-12-21T23:42:16.744119 #24325]  INFO -- : 0:  compass (1.0.1) from /usr/local/rbenv/versions/1.9.3-p448/lib/ruby/gems/1.9.1/specifications/compass-1.0.1.gemspec
I, [2014-12-21T23:42:16.744604 #24325]  INFO -- : 0:  eventmachine (1.0.3) from /usr/local/rbenv/versions/1.9.3-p448/lib/ruby/gems/1.9.1/specifications/eventmachine-1.0.3.gemspec
I, [2014-12-21T23:42:16.745134 #24325]  INFO -- : 0:  http_parser.rb (0.5.3) from /usr/local/rbenv/versions/1.9.3-p448/lib/ruby/gems/1.9.1/specifications/http_parser.rb-0.5.3.gemspec
I, [2014-12-21T23:42:16.745625 #24325]  INFO -- : 0:  em-websocket (0.5.0) from /usr/local/rbenv/versions/1.9.3-p448/lib/ruby/gems/1.9.1/specifications/em-websocket-0.5.0.gemspec
I, [2014-12-21T23:42:16.746199 #24325]  INFO -- : 0:  erubis (2.7.0) from /usr/local/rbenv/versions/1.9.3-p448/lib/ruby/gems/1.9.1/specifications/erubis-2.7.0.gemspec
I, [2014-12-21T23:42:16.746703 #24325]  INFO -- : 0:  tilt (1.4.1) from /usr/local/rbenv/versions/1.9.3-p448/lib/ruby/gems/1.9.1/specifications/tilt-1.4.1.gemspec
I, [2014-12-21T23:42:16.747230 #24325]  INFO -- : 0:  haml (4.0.5) from /usr/local/rbenv/versions/1.9.3-p448/lib/ruby/gems/1.9.1/specifications/haml-4.0.5.gemspec
I, [2014-12-21T23:42:16.747709 #24325]  INFO -- : 0:  hike (1.2.3) from /usr/local/rbenv/versions/1.9.3-p448/lib/ruby/gems/1.9.1/specifications/hike-1.2.3.gemspec
I, [2014-12-21T23:42:16.748284 #24325]  INFO -- : 0:  uber (0.0.8) from /usr/local/rbenv/versions/1.9.3-p448/lib/ruby/gems/1.9.1/specifications/uber-0.0.8.gemspec
I, [2014-12-21T23:42:16.748766 #24325]  INFO -- : 0:  hooks (0.4.0) from /usr/local/rbenv/versions/1.9.3-p448/lib/ruby/gems/1.9.1/specifications/hooks-0.4.0.gemspec
I, [2014-12-21T23:42:16.749298 #24325]  INFO -- : 0:  kramdown (1.4.1) from /usr/local/rbenv/versions/1.9.3-p448/lib/ruby/gems/1.9.1/specifications/kramdown-1.4.1.gemspec
I, [2014-12-21T23:42:16.749783 #24325]  INFO -- : 0:  listen (2.7.9) from /usr/local/rbenv/versions/1.9.3-p448/lib/ruby/gems/1.9.1/specifications/listen-2.7.9.gemspec
I, [2014-12-21T23:42:16.750260 #24325]  INFO -- : 0:  bundler (1.5.1) from /usr/local/rbenv/versions/1.9.3-p448/lib/ruby/gems/1.9.1/specifications/bundler-1.5.1.gemspec
I, [2014-12-21T23:42:16.750741 #24325]  INFO -- : 0:  padrino-support (0.12.3) from /usr/local/rbenv/versions/1.9.3-p448/lib/ruby/gems/1.9.1/specifications/padrino-support-0.12.3.gemspec
I, [2014-12-21T23:42:16.751273 #24325]  INFO -- : 0:  padrino-helpers (0.12.3) from /usr/local/rbenv/versions/1.9.3-p448/lib/ruby/gems/1.9.1/specifications/padrino-helpers-0.12.3.gemspec
I, [2014-12-21T23:42:16.751752 #24325]  INFO -- : 0:  rack (1.5.2) from /usr/local/rbenv/versions/1.9.3-p448/lib/ruby/gems/1.9.1/specifications/rack-1.5.2.gemspec
I, [2014-12-21T23:42:16.752272 #24325]  INFO -- : 0:  rack-test (0.6.2) from /usr/local/rbenv/versions/1.9.3-p448/lib/ruby/gems/1.9.1/specifications/rack-test-0.6.2.gemspec
I, [2014-12-21T23:42:16.752753 #24325]  INFO -- : 0:  thor (0.19.1) from /usr/local/rbenv/versions/1.9.3-p448/lib/ruby/gems/1.9.1/specifications/thor-0.19.1.gemspec
I, [2014-12-21T23:42:16.753278 #24325]  INFO -- : 0:  middleman-core (3.3.5) from /usr/local/rbenv/versions/1.9.3-p448/lib/ruby/gems/1.9.1/specifications/middleman-core-3.3.5.gemspec
I, [2014-12-21T23:42:16.753753 #24325]  INFO -- : 0:  sprockets (2.12.1) from /usr/local/rbenv/versions/1.9.3-p448/lib/ruby/gems/1.9.1/specifications/sprockets-2.12.1.gemspec
I, [2014-12-21T23:42:16.754276 #24325]  INFO -- : 0:  sprockets-helpers (1.1.0) from /usr/local/rbenv/versions/1.9.3-p448/lib/ruby/gems/1.9.1/specifications/sprockets-helpers-1.1.0.gemspec
I, [2014-12-21T23:42:16.754755 #24325]  INFO -- : 0:  sprockets-sass (1.2.0) from /usr/local/rbenv/versions/1.9.3-p448/lib/ruby/gems/1.9.1/specifications/sprockets-sass-1.2.0.gemspec
I, [2014-12-21T23:42:16.755282 #24325]  INFO -- : 0:  middleman-sprockets (3.3.9) from /usr/local/rbenv/versions/1.9.3-p448/lib/ruby/gems/1.9.1/specifications/middleman-sprockets-3.3.9.gemspec
I, [2014-12-21T23:42:16.755765 #24325]  INFO -- : 0:  uglifier (2.5.3) from /usr/local/rbenv/versions/1.9.3-p448/lib/ruby/gems/1.9.1/specifications/uglifier-2.5.3.gemspec
I, [2014-12-21T23:42:16.756323 #24325]  INFO -- : 0:  middleman (3.3.5) from /usr/local/rbenv/versions/1.9.3-p448/lib/ruby/gems/1.9.1/specifications/middleman-3.3.5.gemspec
I, [2014-12-21T23:42:16.756800 #24325]  INFO -- : 0:  rack-livereload (0.3.15) from /usr/local/rbenv/versions/1.9.3-p448/lib/ruby/gems/1.9.1/specifications/rack-livereload-0.3.15.gemspec
I, [2014-12-21T23:42:16.757315 #24325]  INFO -- : 0:  middleman-livereload (3.1.0) from /usr/local/rbenv/versions/1.9.3-p448/lib/ruby/gems/1.9.1/specifications/middleman-livereload-3.1.0.gemspec
I, [2014-12-21T23:42:16.757795 #24325]  INFO -- : 0:  temple (0.6.8) from /usr/local/rbenv/versions/1.9.3-p448/lib/ruby/gems/1.9.1/specifications/temple-0.6.8.gemspec
I, [2014-12-21T23:42:16.758327 #24325]  INFO -- : 0:  slim (2.0.3) from /usr/local/rbenv/versions/1.9.3-p448/lib/ruby/gems/1.9.1/specifications/slim-2.0.3.gemspec
